<?xml version="1.0" encoding="UTF-8"?>
<!-- Generated by org.testng.reporters.JUnitReportReporter -->
<testsuite hostname="DESKTOP-TP18Q4P" name="TestInstitute.ValidateTitle" tests="1" failures="0" timestamp="2 Jul 2018 12:18:15 GMT" time="1.173" errors="0">
  <testcase name="basePageNavigation" time="1.173" classname="TestInstitute.ValidateTitle"/>
</testsuite> <!-- TestInstitute.ValidateTitle -->
