<?xml version="1.0" encoding="UTF-8"?>
<!-- Generated by org.testng.reporters.JUnitReportReporter -->
<testsuite hostname="DESKTOP-TP18Q4P" name="TestInstitute.HomePage" tests="2" failures="0" timestamp="2 Jul 2018 12:18:15 GMT" time="56.078" errors="0">
  <testcase name="basePageNavigation" time="46.211" classname="TestInstitute.HomePage"/>
  <testcase name="basePageNavigation" time="9.867" classname="TestInstitute.HomePage"/>
</testsuite> <!-- TestInstitute.HomePage -->
