<?xml version="1.0" encoding="UTF-8"?>
<!-- Generated by org.testng.reporters.JUnitReportReporter -->
<testsuite hostname="DESKTOP-TP18Q4P" name="TestInstitute.HomePage" tests="2" failures="0" timestamp="2 Jul 2018 11:48:26 GMT" time="36.057" errors="0">
  <testcase name="basePageNavigation" time="10.415" classname="TestInstitute.HomePage"/>
  <testcase name="basePageNavigation" time="25.642" classname="TestInstitute.HomePage"/>
</testsuite> <!-- TestInstitute.HomePage -->
